<?xml version="1.0" encoding="utf-8"?><testsuites name="pytest tests"><testsuite name="pytest" errors="0" failures="0" skipped="0" tests="14" time="31.813" timestamp="2026-06-25T11:56:31.454957+00:00" hostname="agent-env-5f3c80ca-a3e9-4604-a756-3ff6b276fb94"><testcase classname="backend.tests.test_cadence_backend" name="test_register" time="0.444" /><testcase classname="backend.tests.test_cadence_backend" name="test_login" time="0.318" /><testcase classname="backend.tests.test_cadence_backend" name="test_me" time="0.045" /><testcase classname="backend.tests.test_cadence_backend" name="test_add_voice_samples" time="0.145" /><testcase classname="backend.tests.test_cadence_backend" name="test_generate_voice_profile" time="10.823" /><testcase classname="backend.tests.test_cadence_backend" name="test_refine_voice_profile" time="6.234" /><testcase classname="backend.tests.test_cadence_backend" name="test_patch_voice_profile" time="0.046" /><testcase classname="backend.tests.test_cadence_backend" name="test_drafts_crud" time="0.216" /><testcase classname="backend.tests.test_cadence_backend" name="test_draft_chat_sse" time="12.370" /><testcase classname="backend.tests.test_cadence_backend" name="test_publish_target_upsert_and_get" time="0.118" /><testcase classname="backend.tests.test_cadence_backend" name="test_publish_no_target_then_fake_target" time="0.223" /><testcase classname="backend.tests.test_cadence_backend" name="test_schedule_reminder_and_list" time="0.150" /><testcase classname="backend.tests.test_cadence_backend" name="test_process_reminders" time="0.479" /><testcase classname="backend.tests.test_cadence_backend" name="test_delete_draft" time="0.138" /></testsuite></testsuites>