<?xml version="1.0" encoding="utf-8"?><testsuites name="pytest tests"><testsuite name="pytest" errors="0" failures="0" skipped="0" tests="15" time="29.983" timestamp="2026-06-25T12:18:29.820761+00:00" hostname="agent-env-5f3c80ca-a3e9-4604-a756-3ff6b276fb94"><testcase classname="backend.tests.test_cadence_backend" name="test_register" time="0.772" /><testcase classname="backend.tests.test_cadence_backend" name="test_login" time="0.581" /><testcase classname="backend.tests.test_cadence_backend" name="test_me" time="0.100" /><testcase classname="backend.tests.test_cadence_backend" name="test_me_cookie_only" time="0.133" /><testcase classname="backend.tests.test_cadence_backend" name="test_add_voice_samples" time="0.157" /><testcase classname="backend.tests.test_cadence_backend" name="test_generate_voice_profile" time="10.615" /><testcase classname="backend.tests.test_cadence_backend" name="test_refine_voice_profile" time="7.078" /><testcase classname="backend.tests.test_cadence_backend" name="test_patch_voice_profile" time="0.054" /><testcase classname="backend.tests.test_cadence_backend" name="test_create_and_list_drafts" time="0.116" /><testcase classname="backend.tests.test_cadence_backend" name="test_get_and_patch_draft" time="0.182" /><testcase classname="backend.tests.test_cadence_backend" name="test_chat_stream_and_draft_block" time="9.264" /><testcase classname="backend.tests.test_cadence_backend" name="test_publish_target_upsert_and_mask" time="0.109" /><testcase classname="backend.tests.test_cadence_backend" name="test_publish_without_target_then_with" time="0.253" /><testcase classname="backend.tests.test_cadence_backend" name="test_schedule_and_process_reminder" time="0.408" /><testcase classname="backend.tests.test_cadence_backend" name="test_delete_draft" time="0.046" /></testsuite></testsuites>